<?xml version="1.0" encoding="UTF-8"?>
<testsuite xmlns:xsi="http://www.w3.org/2001/XMLSchema-instance" xsi:noNamespaceSchemaLocation="https://maven.apache.org/surefire/maven-surefire-plugin/xsd/surefire-test-report-3.0.xsd" version="3.0" name="com.example.batchprocessing.BatchConfigurationTest" time="2.939" tests="1" errors="0" skipped="0" failures="0">
  <properties>
[...]
</properties>
  <testcase name="importUserJob_WhenJobEnds_ThenStatusCompleted" classname="com.example.batchprocessing.BatchConfigurationTest" time="0.312">
    <system-out><![CDATA[21:32:22.332 [main] INFO org.springframework.test.context.support.AnnotationConfigContextLoaderUtils -- Could not detect default configuration classes for test class [com.example.batchprocessing.BatchConfigurationTest]: BatchConfigurationTest does not declare any static, non-private, non-final, nested classes annotated with @Configuration.
21:32:22.480 [main] INFO org.springframework.boot.test.context.SpringBootTestContextBootstrapper -- Found @SpringBootConfiguration com.example.batchprocessing.BatchProcessingApplication for test class com.example.batchprocessing.BatchConfigurationTest

  .   ____          _            __ _ _
 /\\ / ___'_ __ _ _(_)_ __  __ _ \ \ \ \
( ( )\___ | '_ | '_| | '_ \/ _` | \ \ \ \
 \\/  ___)| |_)| | | | | || (_| |  ) ) ) )
  '  |____| .__|_| |_|_| |_\__, | / / / /
 =========|_|==============|___/=/_/_/_/
 :: Spring Boot ::                (v3.2.0)

2024-06-14T21:32:23.057+02:00  INFO 7416 --- [           main] c.e.b.BatchConfigurationTest             : Starting BatchConfigurationTest using Java 18.0.2.1 with PID 7416 (started by Family in C:\Users\Family\git\spring-batch-with-hsql-database)
2024-06-14T21:32:23.059+02:00  INFO 7416 --- [           main] c.e.b.BatchConfigurationTest             : The following 1 profile is active: "test"
2024-06-14T21:32:23.819+02:00  WARN 7416 --- [           main] trationDelegate$BeanPostProcessorChecker : Bean 'batchConfiguration' of type [com.example.batchprocessing.BatchConfiguration$$SpringCGLIB$$0] is not eligible for getting processed by all BeanPostProcessors (for example: not eligible for auto-proxying). Is this bean getting eagerly injected into a currently created BeanPostProcessor [jobRegistryBeanPostProcessor]? Check the corresponding BeanPostProcessor declaration and its dependencies.
==> HSQl datasource
2024-06-14T21:32:23.834+02:00  INFO 7416 --- [           main] o.s.j.d.e.EmbeddedDatabaseFactory        : Starting embedded database: url='jdbc:hsqldb:mem:testdb', username='sa'
==> customer ID:1
==> customer Name:foo1
==> customer ID:2
==> customer Name:foo2
==> customer ID:3
==> customer Name:foo3
==> customer ID:4
==> customer Name:foo4
==> customer ID:5
==> customer Name:foo5
==> customer ID:6
==> customer Name:foo6
==> customer ID:7
==> customer Name:foo7
==> customer ID:8
==> customer Name:foo8
==> customer ID:9
==> customer Name:foo9
==> customer ID:10
==> customer Name:foo10
2024-06-14T21:32:24.164+02:00  WARN 7416 --- [           main] trationDelegate$BeanPostProcessorChecker : Bean 'dataSource' of type [org.springframework.jdbc.datasource.embedded.EmbeddedDatabaseFactory$EmbeddedDataSourceProxy] is not eligible for getting processed by all BeanPostProcessors (for example: not eligible for auto-proxying). Is this bean getting eagerly injected into a currently created BeanPostProcessor [jobRegistryBeanPostProcessor]? Check the corresponding BeanPostProcessor declaration and its dependencies.
2024-06-14T21:32:24.168+02:00  WARN 7416 --- [           main] trationDelegate$BeanPostProcessorChecker : Bean 'org.springframework.boot.autoconfigure.jdbc.DataSourceTransactionManagerAutoConfiguration$JdbcTransactionManagerConfiguration' of type [org.springframework.boot.autoconfigure.jdbc.DataSourceTransactionManagerAutoConfiguration$JdbcTransactionManagerConfiguration] is not eligible for getting processed by all BeanPostProcessors (for example: not eligible for auto-proxying). Is this bean getting eagerly injected into a currently created BeanPostProcessor [jobRegistryBeanPostProcessor]? Check the corresponding BeanPostProcessor declaration and its dependencies.
2024-06-14T21:32:24.177+02:00  WARN 7416 --- [           main] trationDelegate$BeanPostProcessorChecker : Bean 'org.springframework.boot.autoconfigure.transaction.TransactionManagerCustomizationAutoConfiguration' of type [org.springframework.boot.autoconfigure.transaction.TransactionManagerCustomizationAutoConfiguration] is not eligible for getting processed by all BeanPostProcessors (for example: not eligible for auto-proxying). Is this bean getting eagerly injected into a currently created BeanPostProcessor [jobRegistryBeanPostProcessor]? Check the corresponding BeanPostProcessor declaration and its dependencies.
2024-06-14T21:32:24.184+02:00  WARN 7416 --- [           main] trationDelegate$BeanPostProcessorChecker : Bean 'transactionExecutionListeners' of type [org.springframework.boot.autoconfigure.transaction.ExecutionListenersTransactionManagerCustomizer] is not eligible for getting processed by all BeanPostProcessors (for example: not eligible for auto-proxying). Is this bean getting eagerly injected into a currently created BeanPostProcessor [jobRegistryBeanPostProcessor]? Check the corresponding BeanPostProcessor declaration and its dependencies.
2024-06-14T21:32:24.203+02:00  WARN 7416 --- [           main] trationDelegate$BeanPostProcessorChecker : Bean 'spring.transaction-org.springframework.boot.autoconfigure.transaction.TransactionProperties' of type [org.springframework.boot.autoconfigure.transaction.TransactionProperties] is not eligible for getting processed by all BeanPostProcessors (for example: not eligible for auto-proxying). Is this bean getting eagerly injected into a currently created BeanPostProcessor [jobRegistryBeanPostProcessor]? Check the corresponding BeanPostProcessor declaration and its dependencies.
2024-06-14T21:32:24.204+02:00  WARN 7416 --- [           main] trationDelegate$BeanPostProcessorChecker : Bean 'platformTransactionManagerCustomizers' of type [org.springframework.boot.autoconfigure.transaction.TransactionManagerCustomizers] is not eligible for getting processed by all BeanPostProcessors (for example: not eligible for auto-proxying). Is this bean getting eagerly injected into a currently created BeanPostProcessor [jobRegistryBeanPostProcessor]? Check the corresponding BeanPostProcessor declaration and its dependencies.
2024-06-14T21:32:24.211+02:00  WARN 7416 --- [           main] trationDelegate$BeanPostProcessorChecker : Bean 'transactionManager' of type [org.springframework.jdbc.support.JdbcTransactionManager] is not eligible for getting processed by all BeanPostProcessors (for example: not eligible for auto-proxying). Is this bean getting eagerly injected into a currently created BeanPostProcessor [jobRegistryBeanPostProcessor]? Check the corresponding BeanPostProcessor declaration and its dependencies.
2024-06-14T21:32:24.214+02:00  WARN 7416 --- [           main] trationDelegate$BeanPostProcessorChecker : Bean 'spring.batch-org.springframework.boot.autoconfigure.batch.BatchProperties' of type [org.springframework.boot.autoconfigure.batch.BatchProperties] is not eligible for getting processed by all BeanPostProcessors (for example: not eligible for auto-proxying). Is this bean getting eagerly injected into a currently created BeanPostProcessor [jobRegistryBeanPostProcessor]? Check the corresponding BeanPostProcessor declaration and its dependencies.
2024-06-14T21:32:24.223+02:00  WARN 7416 --- [           main] trationDelegate$BeanPostProcessorChecker : Bean 'org.springframework.boot.autoconfigure.batch.BatchAutoConfiguration$SpringBootBatchConfiguration' of type [org.springframework.boot.autoconfigure.batch.BatchAutoConfiguration$SpringBootBatchConfiguration] is not eligible for getting processed by all BeanPostProcessors (for example: not eligible for auto-proxying). The currently created BeanPostProcessor [jobRegistryBeanPostProcessor] is declared through a non-static factory method on that class; consider declaring it as static instead.
2024-06-14T21:32:24.622+02:00  INFO 7416 --- [           main] c.e.b.BatchConfigurationTest             : Started BatchConfigurationTest in 1.98 seconds (process running for 3.249)
2024-06-14T21:32:24.769+02:00  INFO 7416 --- [           main] o.s.b.c.l.support.SimpleJobLauncher      : Job: [SimpleJob: [name=importUserJob]] launched with the following parameters: [{'random':'{value=-996842943219617028, type=class java.lang.Long, identifying=true}'}]
2024-06-14T21:32:24.795+02:00  INFO 7416 --- [           main] o.s.batch.core.job.SimpleStepHandler     : Executing step: [step1]
2024-06-14T21:32:24.844+02:00  INFO 7416 --- [           main] c.e.batchprocessing.PersonItemProcessor  : Converting (Person[person_ID=3547, name=Olsen Robin , firstName=Robin, lastName=Olsen, middle=m, email=OlsenR@univ.edu, phone=963.555.1378, fax=963.777.9262, title=Assistant Professor]) into (Person[person_ID=3547, name=OLSEN ROBIN , firstName=ROBIN, lastName=OLSEN, middle=M, email=OLSENR@UNIV.EDU, phone=963.555.1378, fax=963.777.9262, title=ASSISTANT PROFESSOR])
2024-06-14T21:32:24.845+02:00  INFO 7416 --- [           main] c.e.batchprocessing.PersonItemProcessor  : Converting (Person[person_ID=2941, name=Brian Heath, firstName= Pruitt, lastName=Heath, middle=Brian, email=BrianH@univ.edu, phone=963.555.2800, fax=963.777.7249, title=Associate Curator ]) into (Person[person_ID=2941, name=BRIAN HEATH, firstName= PRUITT, lastName=HEATH, middle=BRIAN, email=BRIANH@UNIV.EDU, phone=963.555.2800, fax=963.777.7249, title=ASSOCIATE CURATOR ])
2024-06-14T21:32:24.846+02:00  INFO 7416 --- [           main] c.e.batchprocessing.PersonItemProcessor  : Converting (Person[person_ID=2401, name=Elvin Haney, firstName=Elvin, lastName=Claude, middle=Haney, email=ClaudeE@univ.edu, phone=963.555.2902, fax=963.777.9730, title=Curator]) into (Person[person_ID=2401, name=ELVIN HANEY, firstName=ELVIN, lastName=CLAUDE, middle=HANEY, email=CLAUDEE@UNIV.EDU, phone=963.555.2902, fax=963.777.9730, title=CURATOR])
2024-06-14T21:32:24.868+02:00  INFO 7416 --- [           main] c.e.batchprocessing.PersonItemProcessor  : Converting (Person[person_ID=2070, name=Mosley Edmund , firstName=Edmund, lastName=Mosley, middle=m, email=MosleyE@univ.edu, phone=963.555.2945, fax=963.777.9285, title=Assistant Professor]) into (Person[person_ID=2070, name=MOSLEY EDMUND , firstName=EDMUND, lastName=MOSLEY, middle=M, email=MOSLEYE@UNIV.EDU, phone=963.555.2945, fax=963.777.9285, title=ASSISTANT PROFESSOR])
2024-06-14T21:32:24.868+02:00  INFO 7416 --- [           main] c.e.batchprocessing.PersonItemProcessor  : Converting (Person[person_ID=2561, name=Derek Antoine, firstName= Mccoy, lastName=Antoine, middle=Derek, email=DerekA@univ.edu, phone=963.555.2992, fax=963.777.5454, title=Curator]) into (Person[person_ID=2561, name=DEREK ANTOINE, firstName= MCCOY, lastName=ANTOINE, middle=DEREK, email=DEREKA@UNIV.EDU, phone=963.555.2992, fax=963.777.5454, title=CURATOR])
2024-06-14T21:32:24.869+02:00  INFO 7416 --- [           main] c.e.batchprocessing.PersonItemProcessor  : Converting (Person[person_ID=1625, name=Hawkins Callie , firstName=Callie, lastName=Hawkins, middle=m, email= HawkinsC@univ.edu, phone=963.555.3350x6480, fax=963.777.4949, title=Professor]) into (Person[person_ID=1625, name=HAWKINS CALLIE , firstName=CALLIE, lastName=HAWKINS, middle=M, email= HAWKINSC@UNIV.EDU, phone=963.555.3350X6480, fax=963.777.4949, title=PROFESSOR])
2024-06-14T21:32:24.873+02:00  INFO 7416 --- [           main] c.e.batchprocessing.PersonItemProcessor  : Converting (Person[person_ID=1307, name=Pate Andrea , firstName=Andrea, lastName=Pate, middle=m, email= PateA@univ.edu, phone=963.555.3723, fax=963.777.5049, title=Professor]) into (Person[person_ID=1307, name=PATE ANDREA , firstName=ANDREA, lastName=PATE, middle=M, email= PATEA@UNIV.EDU, phone=963.555.3723, fax=963.777.5049, title=PROFESSOR])
2024-06-14T21:32:24.873+02:00  INFO 7416 --- [           main] c.e.batchprocessing.PersonItemProcessor  : Converting (Person[person_ID=2342, name=Austin, firstName= Liz , lastName=Liz, middle=Austin, email=AustinL@univ.edu, phone=963.555.4305, fax=963.777.6143, title=Assistant Professor]) into (Person[person_ID=2342, name=AUSTIN, firstName= LIZ , lastName=LIZ, middle=AUSTIN, email=AUSTINL@UNIV.EDU, phone=963.555.4305, fax=963.777.6143, title=ASSISTANT PROFESSOR])
2024-06-14T21:32:24.873+02:00  INFO 7416 --- [           main] c.e.batchprocessing.PersonItemProcessor  : Converting (Person[person_ID=2755, name=Kendrick Reba, firstName= Alford, lastName=Reba, middle= Kendrick, email=KendrickR@univ.edu, phone=963.555.4618x7744, fax=963.777.4371, title=Associate Curator ]) into (Person[person_ID=2755, name=KENDRICK REBA, firstName= ALFORD, lastName=REBA, middle= KENDRICK, email=KENDRICKR@UNIV.EDU, phone=963.555.4618X7744, fax=963.777.4371, title=ASSOCIATE CURATOR ])
2024-06-14T21:32:24.878+02:00  INFO 7416 --- [           main] c.e.batchprocessing.PersonItemProcessor  : Converting (Person[person_ID=4150, name=Sims, firstName= Angelina , lastName=Angelina, middle=Sims, email=SimsA@univ.edu, phone=963.555.5278, fax=963.777.4400, title=Professor]) into (Person[person_ID=4150, name=SIMS, firstName= ANGELINA , lastName=ANGELINA, middle=SIMS, email=SIMSA@UNIV.EDU, phone=963.555.5278, fax=963.777.4400, title=PROFESSOR])
2024-06-14T21:32:24.878+02:00  INFO 7416 --- [           main] c.e.batchprocessing.PersonItemProcessor  : Converting (Person[person_ID=3544, name=Mullins, firstName= Kimberly , lastName=Kimberly, middle=Mullins, email=MullinsK@univ.edu, phone=963.555.5471x1017, fax=963.777.9783, title=Assistant Professor]) into (Person[person_ID=3544, name=MULLINS, firstName= KIMBERLY , lastName=KIMBERLY, middle=MULLINS, email=MULLINSK@UNIV.EDU, phone=963.555.5471X1017, fax=963.777.9783, title=ASSISTANT PROFESSOR])
2024-06-14T21:32:24.878+02:00  INFO 7416 --- [           main] c.e.batchprocessing.PersonItemProcessor  : Converting (Person[person_ID=2096, name=Chuck, firstName= Lloyd Haney, lastName=Lloyd, middle=Chuck, email=ChuckL@univ.edu, phone=963.555.5568x2652, fax=963.777.9290, title=Assistant Professor]) into (Person[person_ID=2096, name=CHUCK, firstName= LLOYD HANEY, lastName=LLOYD, middle=CHUCK, email=CHUCKL@UNIV.EDU, phone=963.555.5568X2652, fax=963.777.9290, title=ASSISTANT PROFESSOR])
2024-06-14T21:32:24.882+02:00  INFO 7416 --- [           main] c.e.batchprocessing.PersonItemProcessor  : Converting (Person[person_ID=1089, name=Payne, firstName= Ladonna , lastName=Ladonna, middle=Payne, email=PayneL@univ.edu, phone=963.555.5639, fax=963.777.6469, title=Professor]) into (Person[person_ID=1089, name=PAYNE, firstName= LADONNA , lastName=LADONNA, middle=PAYNE, email=PAYNEL@UNIV.EDU, phone=963.555.5639, fax=963.777.6469, title=PROFESSOR])
2024-06-14T21:32:24.883+02:00  INFO 7416 --- [           main] c.e.batchprocessing.PersonItemProcessor  : Converting (Person[person_ID=2948, name=Baxter, firstName= Johnathan Browning, lastName=Johnathan, middle=Baxter, email=BaxterJ@univ.edu, phone=963.555.5902, fax=963.777.8336, title=Research Professor]) into (Person[person_ID=2948, name=BAXTER, firstName= JOHNATHAN BROWNING, lastName=JOHNATHAN, middle=BAXTER, email=BAXTERJ@UNIV.EDU, phone=963.555.5902, fax=963.777.8336, title=RESEARCH PROFESSOR])
2024-06-14T21:32:24.883+02:00  INFO 7416 --- [           main] c.e.batchprocessing.PersonItemProcessor  : Converting (Person[person_ID=4539, name=Weiss, firstName= Gilbert , lastName=Gilbert, middle=Weiss, email=WeissG@univ.edu, phone=963.555.5969, fax=963.777.4975, title=Professor]) into (Person[person_ID=4539, name=WEISS, firstName= GILBERT , lastName=GILBERT, middle=WEISS, email=WEISSG@UNIV.EDU, phone=963.555.5969, fax=963.777.4975, title=PROFESSOR])
2024-06-14T21:32:24.889+02:00  INFO 7416 --- [           main] o.s.batch.core.step.AbstractStep         : Step: [step1] executed in 94ms
2024-06-14T21:32:24.893+02:00  INFO 7416 --- [           main] c.e.b.JobCompletionNotificationListener  : !!! JOB FINISHED! Time to verify the results
2024-06-14T21:32:24.897+02:00  INFO 7416 --- [           main] c.e.b.JobCompletionNotificationListener  : Found <{Person[person_ID=1089, name=PAYNE, firstName= LADONNA , lastName=LADONNA, middle=PAYNE, email=PAYNEL@UNIV.EDU, phone=963.555.5639, fax=963.777.6469, title=PROFESSOR]}> in the database.
2024-06-14T21:32:24.899+02:00  INFO 7416 --- [           main] c.e.b.JobCompletionNotificationListener  : Found <{Person[person_ID=1307, name=PATE ANDREA , firstName=ANDREA, lastName=PATE, middle=M, email= PATEA@UNIV.EDU, phone=963.555.3723, fax=963.777.5049, title=PROFESSOR]}> in the database.
2024-06-14T21:32:24.899+02:00  INFO 7416 --- [           main] c.e.b.JobCompletionNotificationListener  : Found <{Person[person_ID=1625, name=HAWKINS CALLIE , firstName=CALLIE, lastName=HAWKINS, middle=M, email= HAWKINSC@UNIV.EDU, phone=963.555.3350X6480, fax=963.777.4949, title=PROFESSOR]}> in the database.
2024-06-14T21:32:24.899+02:00  INFO 7416 --- [           main] c.e.b.JobCompletionNotificationListener  : Found <{Person[person_ID=2070, name=MOSLEY EDMUND , firstName=EDMUND, lastName=MOSLEY, middle=M, email=MOSLEYE@UNIV.EDU, phone=963.555.2945, fax=963.777.9285, title=ASSISTANT PROFESSOR]}> in the database.
2024-06-14T21:32:24.899+02:00  INFO 7416 --- [           main] c.e.b.JobCompletionNotificationListener  : Found <{Person[person_ID=2096, name=CHUCK, firstName= LLOYD HANEY, lastName=LLOYD, middle=CHUCK, email=CHUCKL@UNIV.EDU, phone=963.555.5568X2652, fax=963.777.9290, title=ASSISTANT PROFESSOR]}> in the database.
2024-06-14T21:32:24.899+02:00  INFO 7416 --- [           main] c.e.b.JobCompletionNotificationListener  : Found <{Person[person_ID=2342, name=AUSTIN, firstName= LIZ , lastName=LIZ, middle=AUSTIN, email=AUSTINL@UNIV.EDU, phone=963.555.4305, fax=963.777.6143, title=ASSISTANT PROFESSOR]}> in the database.
2024-06-14T21:32:24.900+02:00  INFO 7416 --- [           main] c.e.b.JobCompletionNotificationListener  : Found <{Person[person_ID=2401, name=ELVIN HANEY, firstName=ELVIN, lastName=CLAUDE, middle=HANEY, email=CLAUDEE@UNIV.EDU, phone=963.555.2902, fax=963.777.9730, title=CURATOR]}> in the database.
2024-06-14T21:32:24.900+02:00  INFO 7416 --- [           main] c.e.b.JobCompletionNotificationListener  : Found <{Person[person_ID=2561, name=DEREK ANTOINE, firstName= MCCOY, lastName=ANTOINE, middle=DEREK, email=DEREKA@UNIV.EDU, phone=963.555.2992, fax=963.777.5454, title=CURATOR]}> in the database.
2024-06-14T21:32:24.900+02:00  INFO 7416 --- [           main] c.e.b.JobCompletionNotificationListener  : Found <{Person[person_ID=2755, name=KENDRICK REBA, firstName= ALFORD, lastName=REBA, middle= KENDRICK, email=KENDRICKR@UNIV.EDU, phone=963.555.4618X7744, fax=963.777.4371, title=ASSOCIATE CURATOR ]}> in the database.
2024-06-14T21:32:24.900+02:00  INFO 7416 --- [           main] c.e.b.JobCompletionNotificationListener  : Found <{Person[person_ID=2941, name=BRIAN HEATH, firstName= PRUITT, lastName=HEATH, middle=BRIAN, email=BRIANH@UNIV.EDU, phone=963.555.2800, fax=963.777.7249, title=ASSOCIATE CURATOR ]}> in the database.
2024-06-14T21:32:24.900+02:00  INFO 7416 --- [           main] c.e.b.JobCompletionNotificationListener  : Found <{Person[person_ID=2948, name=BAXTER, firstName= JOHNATHAN BROWNING, lastName=JOHNATHAN, middle=BAXTER, email=BAXTERJ@UNIV.EDU, phone=963.555.5902, fax=963.777.8336, title=RESEARCH PROFESSOR]}> in the database.
2024-06-14T21:32:24.900+02:00  INFO 7416 --- [           main] c.e.b.JobCompletionNotificationListener  : Found <{Person[person_ID=3544, name=MULLINS, firstName= KIMBERLY , lastName=KIMBERLY, middle=MULLINS, email=MULLINSK@UNIV.EDU, phone=963.555.5471X1017, fax=963.777.9783, title=ASSISTANT PROFESSOR]}> in the database.
2024-06-14T21:32:24.900+02:00  INFO 7416 --- [           main] c.e.b.JobCompletionNotificationListener  : Found <{Person[person_ID=3547, name=OLSEN ROBIN , firstName=ROBIN, lastName=OLSEN, middle=M, email=OLSENR@UNIV.EDU, phone=963.555.1378, fax=963.777.9262, title=ASSISTANT PROFESSOR]}> in the database.
2024-06-14T21:32:24.900+02:00  INFO 7416 --- [           main] c.e.b.JobCompletionNotificationListener  : Found <{Person[person_ID=4150, name=SIMS, firstName= ANGELINA , lastName=ANGELINA, middle=SIMS, email=SIMSA@UNIV.EDU, phone=963.555.5278, fax=963.777.4400, title=PROFESSOR]}> in the database.
2024-06-14T21:32:24.900+02:00  INFO 7416 --- [           main] c.e.b.JobCompletionNotificationListener  : Found <{Person[person_ID=4539, name=WEISS, firstName= GILBERT , lastName=GILBERT, middle=WEISS, email=WEISSG@UNIV.EDU, phone=963.555.5969, fax=963.777.4975, title=PROFESSOR]}> in the database.
2024-06-14T21:32:24.905+02:00  INFO 7416 --- [           main] o.s.b.c.l.support.SimpleJobLauncher      : Job: [SimpleJob: [name=importUserJob]] completed with the following parameters: [{'random':'{value=-996842943219617028, type=class java.lang.Long, identifying=true}'}] and the following status: [COMPLETED] in 109ms
==> importUserJob_WhenJobEnds_ThenStatusCompleted >>Customer ID:1
==> importUserJob_WhenJobEnds_ThenStatusCompleted >>Customer Name:foo1
==> importUserJob_WhenJobEnds_ThenStatusCompleted >>Customer ID:2
==> importUserJob_WhenJobEnds_ThenStatusCompleted >>Customer Name:foo2
==> importUserJob_WhenJobEnds_ThenStatusCompleted >>Customer ID:3
==> importUserJob_WhenJobEnds_ThenStatusCompleted >>Customer Name:foo3
==> importUserJob_WhenJobEnds_ThenStatusCompleted >>Customer ID:4
==> importUserJob_WhenJobEnds_ThenStatusCompleted >>Customer Name:foo4
==> importUserJob_WhenJobEnds_ThenStatusCompleted >>Customer ID:5
==> importUserJob_WhenJobEnds_ThenStatusCompleted >>Customer Name:foo5
==> importUserJob_WhenJobEnds_ThenStatusCompleted >>Customer ID:6
==> importUserJob_WhenJobEnds_ThenStatusCompleted >>Customer Name:foo6
==> importUserJob_WhenJobEnds_ThenStatusCompleted >>Customer ID:7
==> importUserJob_WhenJobEnds_ThenStatusCompleted >>Customer Name:foo7
==> importUserJob_WhenJobEnds_ThenStatusCompleted >>Customer ID:8
==> importUserJob_WhenJobEnds_ThenStatusCompleted >>Customer Name:foo8
==> importUserJob_WhenJobEnds_ThenStatusCompleted >>Customer ID:9
==> importUserJob_WhenJobEnds_ThenStatusCompleted >>Customer Name:foo9
==> importUserJob_WhenJobEnds_ThenStatusCompleted >>Customer ID:10
==> importUserJob_WhenJobEnds_ThenStatusCompleted >>Customer Name:foo10
==> importUserJob_WhenJobEnds_ThenStatusCompleted >> Person ID:1089
==> importUserJob_WhenJobEnds_ThenStatusCompleted >> Person Name:PAYNE
==> importUserJob_WhenJobEnds_ThenStatusCompleted >> Person ID:1307
==> importUserJob_WhenJobEnds_ThenStatusCompleted >> Person Name:PATE ANDREA 
==> importUserJob_WhenJobEnds_ThenStatusCompleted >> Person ID:1625
==> importUserJob_WhenJobEnds_ThenStatusCompleted >> Person Name:HAWKINS CALLIE 
==> importUserJob_WhenJobEnds_ThenStatusCompleted >> Person ID:2070
==> importUserJob_WhenJobEnds_ThenStatusCompleted >> Person Name:MOSLEY EDMUND 
==> importUserJob_WhenJobEnds_ThenStatusCompleted >> Person ID:2096
==> importUserJob_WhenJobEnds_ThenStatusCompleted >> Person Name:CHUCK
==> importUserJob_WhenJobEnds_ThenStatusCompleted >> Person ID:2342
==> importUserJob_WhenJobEnds_ThenStatusCompleted >> Person Name:AUSTIN
==> importUserJob_WhenJobEnds_ThenStatusCompleted >> Person ID:2401
==> importUserJob_WhenJobEnds_ThenStatusCompleted >> Person Name:ELVIN HANEY
==> importUserJob_WhenJobEnds_ThenStatusCompleted >> Person ID:2561
==> importUserJob_WhenJobEnds_ThenStatusCompleted >> Person Name:DEREK ANTOINE
==> importUserJob_WhenJobEnds_ThenStatusCompleted >> Person ID:2755
==> importUserJob_WhenJobEnds_ThenStatusCompleted >> Person Name:KENDRICK REBA
==> importUserJob_WhenJobEnds_ThenStatusCompleted >> Person ID:2941
==> importUserJob_WhenJobEnds_ThenStatusCompleted >> Person Name:BRIAN HEATH
==> importUserJob_WhenJobEnds_ThenStatusCompleted >> Person ID:2948
==> importUserJob_WhenJobEnds_ThenStatusCompleted >> Person Name:BAXTER
==> importUserJob_WhenJobEnds_ThenStatusCompleted >> Person ID:3544
==> importUserJob_WhenJobEnds_ThenStatusCompleted >> Person Name:MULLINS
==> importUserJob_WhenJobEnds_ThenStatusCompleted >> Person ID:3547
==> importUserJob_WhenJobEnds_ThenStatusCompleted >> Person Name:OLSEN ROBIN 
==> importUserJob_WhenJobEnds_ThenStatusCompleted >> Person ID:4150
==> importUserJob_WhenJobEnds_ThenStatusCompleted >> Person Name:SIMS
==> importUserJob_WhenJobEnds_ThenStatusCompleted >> Person ID:4539
==> importUserJob_WhenJobEnds_ThenStatusCompleted >> Person Name:WEISS
]]></system-out>
  </testcase>
</testsuite>